<?xml version="1.0" encoding="UTF-8"?>
<testng-results skipped="0" failed="0" ignored="0" total="1" passed="1">
  <reporter-output>
  </reporter-output>
  <suite name="Default suite" duration-ms="8594" started-at="2022-05-20T15:10:04 IST" finished-at="2022-05-20T15:10:13 IST">
    <groups>
      <group name="cucumber">
        <method signature="AbstractTestNGCucumberTests.runScenario(io.cucumber.testng.PickleWrapper,io.cucumber.testng.FeatureWrapper)[pri:0, instance:runner.CucumberRunner@5bcea91b]" name="runScenario" class="io.cucumber.testng.AbstractTestNGCucumberTests"/>
      </group> <!-- cucumber -->
    </groups>
    <test name="Default test" duration-ms="8594" started-at="2022-05-20T15:10:04 IST" finished-at="2022-05-20T15:10:13 IST">
      <class name="runner.CucumberRunner">
        <test-method status="PASS" signature="setUpClass(org.testng.ITestContext)[pri:0, instance:runner.CucumberRunner@5bcea91b]" name="setUpClass" is-config="true" duration-ms="471" started-at="2022-05-20T15:10:04 IST" finished-at="2022-05-20T15:10:05 IST">
          <params>
            <param index="0">
              <value>
                <![CDATA[org.testng.TestRunner@72fe8a4f]]>
              </value>
            </param>
          </params>
          <reporter-output>
          </reporter-output>
        </test-method> <!-- setUpClass -->
        <test-method status="PASS" signature="runScenario(io.cucumber.testng.PickleWrapper,io.cucumber.testng.FeatureWrapper)[pri:0, instance:runner.CucumberRunner@5bcea91b]" name="runScenario" duration-ms="8013" started-at="2022-05-20T15:10:05 IST" description="Runs Cucumber Scenarios" data-provider="scenarios" finished-at="2022-05-20T15:10:13 IST">
          <params>
            <param index="0">
              <value>
                <![CDATA["Get All Incidents details"]]>
              </value>
            </param>
            <param index="1">
              <value>
                <![CDATA["Get to know about all Incidents"]]>
              </value>
            </param>
          </params>
          <reporter-output>
          </reporter-output>
        </test-method> <!-- runScenario -->
        <test-method status="PASS" signature="tearDownClass()[pri:0, instance:runner.CucumberRunner@5bcea91b]" name="tearDownClass" is-config="true" duration-ms="18" started-at="2022-05-20T15:10:13 IST" finished-at="2022-05-20T15:10:13 IST">
          <reporter-output>
          </reporter-output>
        </test-method> <!-- tearDownClass -->
      </class> <!-- runner.CucumberRunner -->
    </test> <!-- Default test -->
  </suite> <!-- Default suite -->
</testng-results>
